Vivado Simulator 2017.2
Copyright 1986-1999, 2001-2016 Xilinx, Inc. All Rights Reserved.
Running: C:/Xilinx/Vivado/2017.2/bin/unwrapped/win64.o/xelab.exe -wto f8035b9f31d74c449746cffbd43dbe45 --debug typical --relax --mt 2 --maxdelay -L xil_defaultlib -L simprims_ver -L secureip --snapshot tb_and_or_not_xor_time_impl -transport_int_delays -pulse_r 0 -pulse_int_r 0 -pulse_e 0 -pulse_int_e 0 xil_defaultlib.tb_and_or_not_xor xil_defaultlib.glbl -log elaborate.log 
Using 2 slave threads.
Starting static elaboration
Completed static elaboration
Starting simulation data flow analysis
Completed simulation data flow analysis
INFO: [XSIM 43-3451] SDF backannotation process started with SDF file "tb_and_or_not_xor_time_impl.sdf", for root module "tb_and_or_not_xor/U1".
INFO: [XSIM 43-3452] SDF backannotation was successful for SDF file "tb_and_or_not_xor_time_impl.sdf", for root module "tb_and_or_not_xor/U1".
Time Resolution for simulation is 1ps
Compiling module simprims_ver.IBUF
Compiling module simprims_ver.OBUF
Compiling module simprims_ver.x_lut1_mux2
Compiling module simprims_ver.LUT1
Compiling module simprims_ver.x_lut2_mux4
Compiling module simprims_ver.LUT2
Compiling module xil_defaultlib.and_or_not_xor
Compiling module xil_defaultlib.tb_and_or_not_xor
Compiling module xil_defaultlib.glbl
Built simulation snapshot tb_and_or_not_xor_time_impl
